<?xml version="1.0" encoding="UTF-8" standalone="no"?>
<?pydev-testrun version="1.0"?><pydev-testsuite>
<summary errors="3" failures="0" finished="true" name="Test Run: 130" tests="4" total_time="Finished in: 0.12 secs."/>
<test location="/Users/nathanvaughn/Documents/GitHub/Greens-Functions-Iterative-Methods/3D-GreenIterations/tests/test_Hamiltonian.py" status="error" test="TestHamiltonian.testKineticEnergy" time="">
<stdout/>
<stderr><![CDATA[Traceback (most recent call last):
  File "/Users/nathanvaughn/Documents/GitHub/Greens-Functions-Iterative-Methods/3D-GreenIterations/tests/test_Hamiltonian.py", line 86, in testKineticEnergy
    psi = normalize_wavefunction(psi, dx, dy, dz)
TypeError: normalize_wavefunction() missing 1 required positional argument: 'W'
]]></stderr>
</test>
<test location="/Users/nathanvaughn/Documents/GitHub/Greens-Functions-Iterative-Methods/3D-GreenIterations/tests/test_Hamiltonian.py" status="ok" test="TestHamiltonian.testPotentialEnergy" time="0.08">
<stdout><![CDATA[PE error:  -0.00147334577805
]]></stdout>
<stderr/>
</test>
<test location="/Users/nathanvaughn/Documents/GitHub/Greens-Functions-Iterative-Methods/3D-GreenIterations/tests/test_Hamiltonian.py" status="error" test="TestHamiltonian.testRichardsonExtrapolationKE" time="">
<stdout/>
<stderr><![CDATA[Traceback (most recent call last):
  File "/Users/nathanvaughn/Documents/GitHub/Greens-Functions-Iterative-Methods/3D-GreenIterations/tests/test_Hamiltonian.py", line 145, in testRichardsonExtrapolationKE
    psi = normalize_wavefunction(psi, dxc, dyc, dzc)
TypeError: normalize_wavefunction() missing 1 required positional argument: 'W'
]]></stderr>
</test>
<test location="/Users/nathanvaughn/Documents/GitHub/Greens-Functions-Iterative-Methods/3D-GreenIterations/tests/test_Hamiltonian.py" status="error" test="TestHamiltonian.testRichardsonExtrapolationPE" time="">
<stdout/>
<stderr><![CDATA[Traceback (most recent call last):
  File "/Users/nathanvaughn/Documents/GitHub/Greens-Functions-Iterative-Methods/3D-GreenIterations/tests/test_Hamiltonian.py", line 106, in testRichardsonExtrapolationPE
    psi = normalize_wavefunction(psi, dxc, dyc, dzc)
TypeError: normalize_wavefunction() missing 1 required positional argument: 'W'
]]></stderr>
</test>
<launch mode="run">
<launch_memento><![CDATA[<?xml version="1.0" encoding="UTF-8" standalone="no"?>
<launchConfiguration local="true" path="3D-GreenIterations test_Hamiltonian.py [pyunit run]"/>
]]></launch_memento>
</launch>
</pydev-testsuite>
