<?xml version="1.0" encoding="UTF-8" standalone="no"?>
<?pydev-testrun version="1.0"?><pydev-testsuite>
<summary errors="0" failures="1" finished="true" name="Test Run: 135" tests="3" total_time="Finished in: 0.09 secs."/>
<test location="/Users/nathanvaughn/Documents/GitHub/Greens-Functions-Iterative-Methods/3D-GreenIterations/tests/test_Hamiltonian.py" status="ok" test="TestHamiltonian.testKineticEnergy" time="0.01">
<stdout><![CDATA[KE error:  0.0441552208381
]]></stdout>
<stderr/>
</test>
<test location="/Users/nathanvaughn/Documents/GitHub/Greens-Functions-Iterative-Methods/3D-GreenIterations/tests/test_Hamiltonian.py" status="ok" test="TestHamiltonian.testPotentialEnergy" time="0.07">
<stdout><![CDATA[PE error:  -0.00147334577805
]]></stdout>
<stderr/>
</test>
<test location="/Users/nathanvaughn/Documents/GitHub/Greens-Functions-Iterative-Methods/3D-GreenIterations/tests/test_Hamiltonian.py" status="fail" test="TestHamiltonian.testRichardsonExtrapolationKE" time="">
<stdout><![CDATA[coarse grid KE error:  0.110555649049
fine grid KE error:  0.0441552208381
extrapolated KE error:  0.0220217447678
]]></stdout>
<stderr><![CDATA[Traceback (most recent call last):
  File "/Users/nathanvaughn/Documents/GitHub/Greens-Functions-Iterative-Methods/3D-GreenIterations/tests/test_Hamiltonian.py", line 176, in testRichardsonExtrapolationKE
    self.assertEqual(0, 1, "0 not equal to 1")
AssertionError: 0 != 1 : 0 not equal to 1
]]></stderr>
</test>
<launch mode="run">
<launch_memento><![CDATA[<?xml version="1.0" encoding="UTF-8" standalone="no"?>
<launchConfiguration local="true" path="3D-GreenIterations test_Hamiltonian.py [pyunit run]"/>
]]></launch_memento>
</launch>
</pydev-testsuite>
