<?xml version="1.0" encoding="UTF-8" standalone="no"?>
<?pydev-testrun version="1.0"?><pydev-testsuite>
<summary errors="3" failures="1" finished="true" name="Test Run: 128" tests="4" total_time="Finished in: 0.05 secs."/>
<test location="/Users/nathanvaughn/Documents/GitHub/Greens-Functions-Iterative-Methods/3D-GreenIterations/tests/test_Hamiltonian.py" status="error" test="TestHamiltonian.testKineticEnergy" time="">
<stdout/>
<stderr><![CDATA[Traceback (most recent call last):
  File "/Users/nathanvaughn/Documents/GitHub/Greens-Functions-Iterative-Methods/3D-GreenIterations/tests/test_Hamiltonian.py", line 85, in testKineticEnergy
    psi = normalize_wavefunction(psi, dx, dy, dz)
TypeError: normalize_wavefunction() missing 1 required positional argument: 'W'
]]></stderr>
</test>
<test location="/Users/nathanvaughn/Documents/GitHub/Greens-Functions-Iterative-Methods/3D-GreenIterations/tests/test_Hamiltonian.py" status="fail" test="TestHamiltonian.testPotentialEnergy" time="">
<stdout><![CDATA[PE error:  -0.0255980362045
]]></stdout>
<stderr><![CDATA[Traceback (most recent call last):
  File "/Users/nathanvaughn/Documents/GitHub/Greens-Functions-Iterative-Methods/3D-GreenIterations/tests/test_Hamiltonian.py", line 74, in testPotentialEnergy
    self.assertAlmostEqual(computed_PE, true_PE, 4, "potential energy not accurate enough")
AssertionError: -0.97440196379549182 != -1.0 within 4 places : potential energy not accurate enough
]]></stderr>
</test>
<test location="/Users/nathanvaughn/Documents/GitHub/Greens-Functions-Iterative-Methods/3D-GreenIterations/tests/test_Hamiltonian.py" status="error" test="TestHamiltonian.testRichardsonExtrapolationKE" time="">
<stdout/>
<stderr><![CDATA[Traceback (most recent call last):
  File "/Users/nathanvaughn/Documents/GitHub/Greens-Functions-Iterative-Methods/3D-GreenIterations/tests/test_Hamiltonian.py", line 144, in testRichardsonExtrapolationKE
    psi = normalize_wavefunction(psi, dxc, dyc, dzc)
TypeError: normalize_wavefunction() missing 1 required positional argument: 'W'
]]></stderr>
</test>
<test location="/Users/nathanvaughn/Documents/GitHub/Greens-Functions-Iterative-Methods/3D-GreenIterations/tests/test_Hamiltonian.py" status="error" test="TestHamiltonian.testRichardsonExtrapolationPE" time="">
<stdout/>
<stderr><![CDATA[Traceback (most recent call last):
  File "/Users/nathanvaughn/Documents/GitHub/Greens-Functions-Iterative-Methods/3D-GreenIterations/tests/test_Hamiltonian.py", line 105, in testRichardsonExtrapolationPE
    psi = normalize_wavefunction(psi, dxc, dyc, dzc)
TypeError: normalize_wavefunction() missing 1 required positional argument: 'W'
]]></stderr>
</test>
<launch mode="run">
<launch_memento><![CDATA[<?xml version="1.0" encoding="UTF-8" standalone="no"?>
<launchConfiguration local="true" path="3D-GreenIterations test_Hamiltonian.py [pyunit run]"/>
]]></launch_memento>
</launch>
</pydev-testsuite>
